Determining if the pthread_create exist failed with the following output:
Change Dir: /opt/jointBilateralFilter/build/CMakeFiles/CMakeTmp

Run Build Command:"/usr/bin/make" "cmTC_1322f/fast"
/usr/bin/make -f CMakeFiles/cmTC_1322f.dir/build.make CMakeFiles/cmTC_1322f.dir/build
make[1]: Entering directory '/opt/jointBilateralFilter/build/CMakeFiles/CMakeTmp'
Building C object CMakeFiles/cmTC_1322f.dir/CheckSymbolExists.c.o
/usr/bin/cc   -fPIC    -o CMakeFiles/cmTC_1322f.dir/CheckSymbolExists.c.o   -c /opt/jointBilateralFilter/build/CMakeFiles/CMakeTmp/CheckSymbolExists.c
Linking C executable cmTC_1322f
/usr/bin/cmake -E cmake_link_script CMakeFiles/cmTC_1322f.dir/link.txt --verbose=1
/usr/bin/cc -fPIC     -rdynamic CMakeFiles/cmTC_1322f.dir/CheckSymbolExists.c.o  -o cmTC_1322f 
CMakeFiles/cmTC_1322f.dir/CheckSymbolExists.c.o: In function `main':
CheckSymbolExists.c:(.text+0x1b): undefined reference to `pthread_create'
collect2: error: ld returned 1 exit status
CMakeFiles/cmTC_1322f.dir/build.make:97: recipe for target 'cmTC_1322f' failed
make[1]: *** [cmTC_1322f] Error 1
make[1]: Leaving directory '/opt/jointBilateralFilter/build/CMakeFiles/CMakeTmp'
Makefile:126: recipe for target 'cmTC_1322f/fast' failed
make: *** [cmTC_1322f/fast] Error 2

File /opt/jointBilateralFilter/build/CMakeFiles/CMakeTmp/CheckSymbolExists.c:
/* */
#include <pthread.h>

int main(int argc, char** argv)
{
  (void)argv;
#ifndef pthread_create
  return ((int*)(&pthread_create))[argc];
#else
  (void)argc;
  return 0;
#endif
}

Determining if the function pthread_create exists in the pthreads failed with the following output:
Change Dir: /opt/jointBilateralFilter/build/CMakeFiles/CMakeTmp

Run Build Command:"/usr/bin/make" "cmTC_1a9ca/fast"
/usr/bin/make -f CMakeFiles/cmTC_1a9ca.dir/build.make CMakeFiles/cmTC_1a9ca.dir/build
make[1]: Entering directory '/opt/jointBilateralFilter/build/CMakeFiles/CMakeTmp'
Building C object CMakeFiles/cmTC_1a9ca.dir/CheckFunctionExists.c.o
/usr/bin/cc   -fPIC -DCHECK_FUNCTION_EXISTS=pthread_create   -o CMakeFiles/cmTC_1a9ca.dir/CheckFunctionExists.c.o   -c /usr/share/cmake-3.10/Modules/CheckFunctionExists.c
Linking C executable cmTC_1a9ca
/usr/bin/cmake -E cmake_link_script CMakeFiles/cmTC_1a9ca.dir/link.txt --verbose=1
/usr/bin/cc -fPIC -DCHECK_FUNCTION_EXISTS=pthread_create    -rdynamic CMakeFiles/cmTC_1a9ca.dir/CheckFunctionExists.c.o  -o cmTC_1a9ca -lpthreads 
/usr/bin/ld: cannot find -lpthreads
collect2: error: ld returned 1 exit status
CMakeFiles/cmTC_1a9ca.dir/build.make:97: recipe for target 'cmTC_1a9ca' failed
make[1]: *** [cmTC_1a9ca] Error 1
make[1]: Leaving directory '/opt/jointBilateralFilter/build/CMakeFiles/CMakeTmp'
Makefile:126: recipe for target 'cmTC_1a9ca/fast' failed
make: *** [cmTC_1a9ca/fast] Error 2


